<html>
<head>
<title>TestNG:  SignUp Page Test</title>
<link href="../testng.css" rel="stylesheet" type="text/css" />
<link href="../my-testng.css" rel="stylesheet" type="text/css" />

<style type="text/css">
.log { display: none;} 
.stack-trace { display: none;} 
</style>
<script type="text/javascript">
<!--
function flip(e) {
  current = e.style.display;
  if (current == 'block') {
    e.style.display = 'none';
    return 0;
  }
  else {
    e.style.display = 'block';
    return 1;
  }
}

function toggleBox(szDivId, elem, msg1, msg2)
{
  var res = -1;  if (document.getElementById) {
    res = flip(document.getElementById(szDivId));
  }
  else if (document.all) {
    // this is the way old msie versions work
    res = flip(document.all[szDivId]);
  }
  if(elem) {
    if(res == 0) elem.innerHTML = msg1; else elem.innerHTML = msg2;
  }

}

function toggleAllBoxes() {
  if (document.getElementsByTagName) {
    d = document.getElementsByTagName('div');
    for (i = 0; i < d.length; i++) {
      if (d[i].className == 'log') {
        flip(d[i]);
      }
    }
  }
}

// -->
</script>

</head>
<body>
<h2 align='center'>SignUp Page Test</h2><table border='1' align="center">
<tr>
<td>Tests passed/Failed/Skipped:</td><td>9/2/0</td>
</tr><tr>
<td>Started on:</td><td>Fri Jul 26 23:20:08 BST 2024</td>
</tr>
<tr><td>Total time:</td><td>83 seconds (83707 ms)</td>
</tr><tr>
<td>Included groups:</td><td></td>
</tr><tr>
<td>Excluded groups:</td><td></td>
</tr>
</table><p/>
<small><i>(Hover the method name to see the test class name)</i></small><p/>
<table width='100%' border='1' class='invocation-failed'>
<tr><td colspan='4' align='center'><b>FAILED TESTS</b></td></tr>
<tr><td><b>Test method</b></td>
<td><b>Attribute(s)</b></td>
<td width="30%"><b>Exception</b></td>
<td width="10%"><b>Time (seconds)</b></td>
<td><b>Instance</b></td>
</tr>
<tr>
<td title='com.sportyshoes.signup.SignUpTests.verifySignUpPageWithEmptyUserDetails()'><b>verifySignUpPageWithEmptyUserDetails</b><br>Test class: com.sportyshoes.signup.SignUpTests<br>Test method: Verify signup page with Empty User Details</td>
<td><div><pre>java.lang.AssertionError: expected [true] but found [false]
	at com.sportyshoes.signup.SignUpTests.validateMessage(SignUpTests.java:146)
	at com.sportyshoes.signup.SignUpTests.verifySignUpPageWithEmptyUserDetails(SignUpTests.java:42)
	at java.base/java.util.ArrayList.forEach(ArrayList.java:1541)
... Removed 31 stack frames</pre></div><a href='#' onClick='toggleBox("stack-trace1213733435", this, "Click to show all stack frames", "Click to hide stack frames")'>Click to show all stack frames</a>
<div class='stack-trace' id='stack-trace1213733435'><pre>java.lang.AssertionError: expected [true] but found [false]
	at org.testng.Assert.fail(Assert.java:111)
	at org.testng.Assert.failNotEquals(Assert.java:1578)
	at org.testng.Assert.assertTrue(Assert.java:57)
	at org.testng.Assert.assertTrue(Assert.java:67)
	at com.sportyshoes.signup.SignUpTests.validateMessage(SignUpTests.java:146)
	at com.sportyshoes.signup.SignUpTests.verifySignUpPageWithEmptyUserDetails(SignUpTests.java:42)
	at java.base/jdk.internal.reflect.NativeMethodAccessorImpl.invoke0(Native Method)
	at java.base/jdk.internal.reflect.NativeMethodAccessorImpl.invoke(NativeMethodAccessorImpl.java:62)
	at java.base/jdk.internal.reflect.DelegatingMethodAccessorImpl.invoke(DelegatingMethodAccessorImpl.java:43)
	at java.base/java.lang.reflect.Method.invoke(Method.java:566)
	at org.testng.internal.invokers.MethodInvocationHelper.invokeMethod(MethodInvocationHelper.java:139)
	at org.testng.internal.invokers.TestInvoker.invokeMethod(TestInvoker.java:664)
	at org.testng.internal.invokers.TestInvoker.invokeTestMethod(TestInvoker.java:228)
	at org.testng.internal.invokers.MethodRunner.runInSequence(MethodRunner.java:63)
	at org.testng.internal.invokers.TestInvoker$MethodInvocationAgent.invoke(TestInvoker.java:961)
	at org.testng.internal.invokers.TestInvoker.invokeTestMethods(TestInvoker.java:201)
	at org.testng.internal.invokers.TestMethodWorker.invokeTestMethods(TestMethodWorker.java:148)
	at org.testng.internal.invokers.TestMethodWorker.run(TestMethodWorker.java:128)
	at java.base/java.util.ArrayList.forEach(ArrayList.java:1541)
	at org.testng.TestRunner.privateRun(TestRunner.java:819)
	at org.testng.TestRunner.run(TestRunner.java:619)
	at org.testng.SuiteRunner.runTest(SuiteRunner.java:443)
	at org.testng.SuiteRunner.runSequentially(SuiteRunner.java:437)
	at org.testng.SuiteRunner.privateRun(SuiteRunner.java:397)
	at org.testng.SuiteRunner.run(SuiteRunner.java:336)
	at org.testng.SuiteRunnerWorker.runSuite(SuiteRunnerWorker.java:52)
	at org.testng.SuiteRunnerWorker.run(SuiteRunnerWorker.java:95)
	at org.testng.TestNG.runSuitesSequentially(TestNG.java:1301)
	at org.testng.TestNG.runSuitesLocally(TestNG.java:1228)
	at org.testng.TestNG.runSuites(TestNG.java:1134)
	at org.testng.TestNG.run(TestNG.java:1101)
	at org.testng.remote.AbstractRemoteTestNG.run(AbstractRemoteTestNG.java:115)
	at org.testng.remote.RemoteTestNG.initAndRun(RemoteTestNG.java:251)
	at org.testng.remote.RemoteTestNG.main(RemoteTestNG.java:77)
</pre></div></td>
<td>1</td>
<td>com.sportyshoes.signup.SignUpTests@4f49f6af</td></tr>
<tr>
<td title='com.sportyshoes.signup.SignUpTests.verifyEmailIsAlreadyTaken()'><b>verifyEmailIsAlreadyTaken</b><br>Test class: com.sportyshoes.signup.SignUpTests<br>Test method: signup page with email id is already taken</td>
<td><div><pre>java.lang.AssertionError: expected [true] but found [false]
	at com.sportyshoes.signup.SignUpTests.validateMessage(SignUpTests.java:146)
	at com.sportyshoes.signup.SignUpTests.verifyEmailIsAlreadyTaken(SignUpTests.java:127)
	at java.base/java.util.ArrayList.forEach(ArrayList.java:1541)
... Removed 31 stack frames</pre></div><a href='#' onClick='toggleBox("stack-trace1712635211", this, "Click to show all stack frames", "Click to hide stack frames")'>Click to show all stack frames</a>
<div class='stack-trace' id='stack-trace1712635211'><pre>java.lang.AssertionError: expected [true] but found [false]
	at org.testng.Assert.fail(Assert.java:111)
	at org.testng.Assert.failNotEquals(Assert.java:1578)
	at org.testng.Assert.assertTrue(Assert.java:57)
	at org.testng.Assert.assertTrue(Assert.java:67)
	at com.sportyshoes.signup.SignUpTests.validateMessage(SignUpTests.java:146)
	at com.sportyshoes.signup.SignUpTests.verifyEmailIsAlreadyTaken(SignUpTests.java:127)
	at java.base/jdk.internal.reflect.NativeMethodAccessorImpl.invoke0(Native Method)
	at java.base/jdk.internal.reflect.NativeMethodAccessorImpl.invoke(NativeMethodAccessorImpl.java:62)
	at java.base/jdk.internal.reflect.DelegatingMethodAccessorImpl.invoke(DelegatingMethodAccessorImpl.java:43)
	at java.base/java.lang.reflect.Method.invoke(Method.java:566)
	at org.testng.internal.invokers.MethodInvocationHelper.invokeMethod(MethodInvocationHelper.java:139)
	at org.testng.internal.invokers.TestInvoker.invokeMethod(TestInvoker.java:664)
	at org.testng.internal.invokers.TestInvoker.invokeTestMethod(TestInvoker.java:228)
	at org.testng.internal.invokers.MethodRunner.runInSequence(MethodRunner.java:63)
	at org.testng.internal.invokers.TestInvoker$MethodInvocationAgent.invoke(TestInvoker.java:961)
	at org.testng.internal.invokers.TestInvoker.invokeTestMethods(TestInvoker.java:201)
	at org.testng.internal.invokers.TestMethodWorker.invokeTestMethods(TestMethodWorker.java:148)
	at org.testng.internal.invokers.TestMethodWorker.run(TestMethodWorker.java:128)
	at java.base/java.util.ArrayList.forEach(ArrayList.java:1541)
	at org.testng.TestRunner.privateRun(TestRunner.java:819)
	at org.testng.TestRunner.run(TestRunner.java:619)
	at org.testng.SuiteRunner.runTest(SuiteRunner.java:443)
	at org.testng.SuiteRunner.runSequentially(SuiteRunner.java:437)
	at org.testng.SuiteRunner.privateRun(SuiteRunner.java:397)
	at org.testng.SuiteRunner.run(SuiteRunner.java:336)
	at org.testng.SuiteRunnerWorker.runSuite(SuiteRunnerWorker.java:52)
	at org.testng.SuiteRunnerWorker.run(SuiteRunnerWorker.java:95)
	at org.testng.TestNG.runSuitesSequentially(TestNG.java:1301)
	at org.testng.TestNG.runSuitesLocally(TestNG.java:1228)
	at org.testng.TestNG.runSuites(TestNG.java:1134)
	at org.testng.TestNG.run(TestNG.java:1101)
	at org.testng.remote.AbstractRemoteTestNG.run(AbstractRemoteTestNG.java:115)
	at org.testng.remote.RemoteTestNG.initAndRun(RemoteTestNG.java:251)
	at org.testng.remote.RemoteTestNG.main(RemoteTestNG.java:77)
</pre></div></td>
<td>1</td>
<td>com.sportyshoes.signup.SignUpTests@4f49f6af</td></tr>
</table><p>
<table width='100%' border='1' class='invocation-passed'>
<tr><td colspan='4' align='center'><b>PASSED TESTS</b></td></tr>
<tr><td><b>Test method</b></td>
<td><b>Attribute(s)</b></td>
<td width="30%"><b>Exception</b></td>
<td width="10%"><b>Time (seconds)</b></td>
<td><b>Instance</b></td>
</tr>
<tr>
<td title='com.sportyshoes.signup.SignUpTests.verifyLastNameIsBlank()'><b>verifyLastNameIsBlank</b><br>Test class: com.sportyshoes.signup.SignUpTests<br>Test method: signup page with last name is blank</td>
<td></td>
<td>1</td>
<td>com.sportyshoes.signup.SignUpTests@4f49f6af</td></tr>
<tr>
<td title='com.sportyshoes.signup.SignUpTests.verifyAddressIsBlank()'><b>verifyAddressIsBlank</b><br>Test class: com.sportyshoes.signup.SignUpTests<br>Test method: Verify signup page with address is blank</td>
<td></td>
<td>1</td>
<td>com.sportyshoes.signup.SignUpTests@4f49f6af</td></tr>
<tr>
<td title='com.sportyshoes.signup.SignUpTests.verifySignUpPageWithValidUserDetails()'><b>verifySignUpPageWithValidUserDetails</b><br>Test class: com.sportyshoes.signup.SignUpTests<br>Test method: Verify signup page with valid member details</td>
<td></td>
<td>1</td>
<td>com.sportyshoes.signup.SignUpTests@4f49f6af</td></tr>
<tr>
<td title='com.sportyshoes.signup.SignUpTests.verifyAgeIsBlank()'><b>verifyAgeIsBlank</b><br>Test class: com.sportyshoes.signup.SignUpTests<br>Test method: Verify signup page with age is blank</td>
<td></td>
<td>1</td>
<td>com.sportyshoes.signup.SignUpTests@4f49f6af</td></tr>
<tr>
<td title='com.sportyshoes.signup.SignUpTests.verifyFirstNameIsBlank()'><b>verifyFirstNameIsBlank</b><br>Test class: com.sportyshoes.signup.SignUpTests<br>Test method: signup page with first name is blank</td>
<td></td>
<td>1</td>
<td>com.sportyshoes.signup.SignUpTests@4f49f6af</td></tr>
<tr>
<td title='com.sportyshoes.signup.SignUpTests.verifyPasswordIsBlank()'><b>verifyPasswordIsBlank</b><br>Test class: com.sportyshoes.signup.SignUpTests<br>Test method: signup page with password is blank</td>
<td></td>
<td>1</td>
<td>com.sportyshoes.signup.SignUpTests@4f49f6af</td></tr>
<tr>
<td title='com.sportyshoes.signup.SignUpTests.verifyConfirmPasswordIsBlank()'><b>verifyConfirmPasswordIsBlank</b><br>Test class: com.sportyshoes.signup.SignUpTests<br>Test method: signup page with Confirm password is blank</td>
<td></td>
<td>1</td>
<td>com.sportyshoes.signup.SignUpTests@4f49f6af</td></tr>
<tr>
<td title='com.sportyshoes.signup.SignUpTests.verifyEmailIsBlank()'><b>verifyEmailIsBlank</b><br>Test class: com.sportyshoes.signup.SignUpTests<br>Test method: signup page with Email is blank</td>
<td></td>
<td>1</td>
<td>com.sportyshoes.signup.SignUpTests@4f49f6af</td></tr>
<tr>
<td title='com.sportyshoes.signup.SignUpTests.verifyAlreadyMemeberlink()'><b>verifyAlreadyMemeberlink</b><br>Test class: com.sportyshoes.signup.SignUpTests<br>Test method: verify already member login link</td>
<td></td>
<td>1</td>
<td>com.sportyshoes.signup.SignUpTests@4f49f6af</td></tr>
</table><p>
</body>
</html>