<?xml version="1.0" encoding="UTF-8"?>
<!-- Generated by org.testng.reporters.JUnitXMLReporter -->
<testsuite ignored="0" hostname="Kirans-MacBook-Pro.local" failures="2" tests="11" name="SignUp Page Test" time="83.707" errors="0" timestamp="2024-07-26T23:21:31 BST">
  <testcase classname="com.sportyshoes.signup.SignUpTests" name="verifyAddressIsBlank" time="1.751"/>
  <testcase classname="com.sportyshoes.signup.SignUpTests" name="verifyAgeIsBlank" time="1.469"/>
  <testcase classname="com.sportyshoes.signup.SignUpTests" name="verifyAlreadyMemeberlink" time="1.545"/>
  <testcase classname="com.sportyshoes.signup.SignUpTests" name="verifyConfirmPasswordIsBlank" time="1.421"/>
  <testcase classname="com.sportyshoes.signup.SignUpTests" name="verifyEmailIsAlreadyTaken" time="1.486">
    <failure type="java.lang.AssertionError" message="expected [true] but found [false]">
      <![CDATA[java.lang.AssertionError: expected [true] but found [false]
at com.sportyshoes.signup.SignUpTests.validateMessage(SignUpTests.java:146)
at com.sportyshoes.signup.SignUpTests.verifyEmailIsAlreadyTaken(SignUpTests.java:127)
at java.base/java.util.ArrayList.forEach(ArrayList.java:1541)
... Removed 31 stack frames]]>
    </failure>
  </testcase> <!-- verifyEmailIsAlreadyTaken -->
  <testcase classname="com.sportyshoes.signup.SignUpTests" name="verifyEmailIsBlank" time="1.514"/>
  <testcase classname="com.sportyshoes.signup.SignUpTests" name="verifyFirstNameIsBlank" time="1.41"/>
  <testcase classname="com.sportyshoes.signup.SignUpTests" name="verifyLastNameIsBlank" time="1.478"/>
  <testcase classname="com.sportyshoes.signup.SignUpTests" name="verifyPasswordIsBlank" time="1.422"/>
  <testcase classname="com.sportyshoes.signup.SignUpTests" name="verifySignUpPageWithEmptyUserDetails" time="1.186">
    <failure type="java.lang.AssertionError" message="expected [true] but found [false]">
      <![CDATA[java.lang.AssertionError: expected [true] but found [false]
at com.sportyshoes.signup.SignUpTests.validateMessage(SignUpTests.java:146)
at com.sportyshoes.signup.SignUpTests.verifySignUpPageWithEmptyUserDetails(SignUpTests.java:42)
at java.base/java.util.ArrayList.forEach(ArrayList.java:1541)
... Removed 31 stack frames]]>
    </failure>
  </testcase> <!-- verifySignUpPageWithEmptyUserDetails -->
  <testcase classname="com.sportyshoes.signup.SignUpTests" name="verifySignUpPageWithValidUserDetails" time="1.556"/>
</testsuite> <!-- SignUp Page Test -->
